Arguments: 
  C:\Program Files\nodejs\node.exe C:\Program Files\nodejs\node_modules\yarn\bin\yarn.js

PATH: 
  C:\Program Files (x86)\Common Files\Intel\Shared Libraries\redist\intel64_win\compiler;C:\Program Files (x86)\Common Files\Oracle\Java\javapath;C:\Windows\system32;C:\Windows;C:\Windows\System32\Wbem;C:\Windows\System32\WindowsPowerShell\v1.0\;C:\Windows\System32\OpenSSH\;C:\Program Files\Git\cmd;C:\Program Files (x86)\NVIDIA Corporation\PhysX\Common;d:\AppData\Roaming\nvm;C:\Program Files\nodejs;C:\WINDOWS\system32;C:\WINDOWS;C:\WINDOWS\System32\Wbem;C:\WINDOWS\System32\WindowsPowerShell\v1.0\;C:\WINDOWS\System32\OpenSSH\;C:\Program Files\maven\apache-maven-3.8.1\bin;E:\Program Files\mysql-5.7.35-winx64\bin;C:\Users\kasuo\AppData\Local\Yarn\Data\global\node_modules\.bin;C:\Users\kasuo\AppData\Local\Programs\Python\Python37\Scripts\;C:\Users\kasuo\AppData\Local\Programs\Python\Python37\;C:\Users\kasuo\Desktop\画\Scripts\;C:\Users\kasuo\Desktop\画\;C:\Users\kasuo\AppData\Local\Microsoft\WindowsApps;c:\Users\kasuo\AppData\Local\Programs\Microsoft VS Code\bin;d:\AppData\Roaming\nvm;C:\Program Files\nodejs;H:\Android\flutter\bin;C:\Users\kasuo\AppData\Local\Android\Sdk;C:\Users\kasuo\AppData\Local\Android\Sdk\platform-tools;"C:\Program Files\Java\jre1.8.0_191\bin;C:\Program Files\Java\jre1.8.0_191\jre\bin;";;C:\Program Files\JetBrains\PyCharm Community Edition 2021.1.3\bin;

Yarn version: 
  1.22.15

Node version: 
  14.17.5

Platform: 
  win32 x64

Trace: 
  Error: read ECONNRESET
      at TLSWrap.onStreamRead (internal/stream_base_commons.js:209:20)

npm manifest: 
  {
    "name": "vue3-sketch-ruler",
    "version": "1.1.2",
    "author": "kakajun <253495832@qq.com>",
    "license": "MIT",
    "private2": true,
    "repository": {
      "type": "git",
      "url": "https://github.com/majun2232/vue3sketchRuler"
    },
    "typings": "src/types.ts",
    "main": "lib/index.umd.js",
    "module": "lib/index.es.js",
    "style": "lib/style.css",
    "scripts": {
      "dev": "vite --config vite.demo.js",
      "build": "vite build",
      "build:demo": "vite build --config vite.demo.js",
      "precommit": "lint-staged",
      "lint-fix": "eslint --fix  --ext .vue,.js,.ts",
      "lint:lint-staged": "lint-staged -c ./.husky/lintstagedrc.js",
      "format": "prettier-eslint --write src/**/*.{js,vue,css,scss,styl} && prettier-eslint --write packages/**/*.{js,vue,css,scss,styl} ",
      "css": "cross-env stylelint src/**/*.{html,vue,css,less,scss,styl} --fix && stylelint packages/**/*.{html,vue,css,less,scss,styl} ",
      "pretty": "pretty-quick --staged",
      "prepare": "husky install"
    },
    "lint-staged": {
      "*.{ts,tsx,js,vue,less}": "prettier --write",
      "*.{ts,tsx,js,vue}": "eslint --fix",
      "*.{vue,css,less}": "stylelint --fix"
    },
    "devDependencies": {
      "@commitlint/cli": "^13.1.0",
      "@commitlint/config-conventional": "^13.1.0",
      "@typescript-eslint/eslint-plugin": "^4.29.2",
      "@typescript-eslint/parser": "^4.29.2",
      "@vitejs/plugin-vue": "^1.9.2",
      "@vue/eslint-config-prettier": "^6.0.0",
      "cross-env": "^7.0.3",
      "typescript": "^4.4.3",
      "eslint": "^7.32.0",
      "eslint-config-prettier": "^8.3.0",
      "eslint-plugin-prettier": "^4.0.0",
      "eslint-plugin-vue": "7.17.0",
      "gh-pages": "^3.2.3",
      "husky": "^7.0.2",
      "lint-staged": "^11.1.2",
      "prettier": "^2.3.2",
      "pretty-quick": "^3.1.1",
      "sass": "^1.39.0",
      "stylelint": "13.13.1",
      "stylelint-config-standard": "22.0.0",
      "stylelint-order": "4.1.0",
      "vite": "^2.6.5",
      "vite-plugin-dts": "^0.8.2",
      "vue": "^3.2.19"
    },
    "keywords": [
      "vue3",
      "ruler",
      "javascript",
      "sketch-ruler",
      "vite"
    ],
    "bugs": {
      "url": "https://github.com/majun2232/vue3sketchRuler/issues"
    },
    "homepage": "https://github.com/majun2232/vue3sketchRuler/blob/master/README.md"
  }

yarn manifest: 
  No manifest

Lockfile: 
  No lockfile
